date: 2013-11-06 00:09:14.154
argv: node c:\Users\xor\AppData\Roaming\npm\node_modules\hexo\bin\hexo generate
os: Windows_NT 6.1.7600 win32 ia32
version:
  hexo: 2.2.0
  http_parser: 1.0
  node: 0.10.19
  v8: 3.14.5.9
  ares: 1.9.0-DEV
  uv: 0.10.17
  zlib: 1.2.3
  modules: 11
  openssl: 1.0.1e
---

[error] 00:09:14.144 TypeError: Cannot call method 'load' of undefined
TypeError: Cannot call method 'load' of undefined
    at module.exports (c:\Users\xor\AppData\Roaming\npm\node_modules\hexo\lib\plugins\console\generate\index.js:60:13)
    at c:\Users\xor\AppData\Roaming\npm\node_modules\hexo\lib\core.js:118:9
    at b (domain.js:183:18)
    at Domain.run (domain.js:123:23)
    at Hexo.call (c:\Users\xor\AppData\Roaming\npm\node_modules\hexo\lib\core.js:117:9)
    at c:\Users\xor\AppData\Roaming\npm\node_modules\hexo\lib\init.js:263:10
    at c:\Users\xor\AppData\Roaming\npm\node_modules\hexo\node_modules\async\lib\async.js:422:17
    at c:\Users\xor\AppData\Roaming\npm\node_modules\hexo\node_modules\async\lib\async.js:416:17
    at Array.forEach (native)
    at _each (c:\Users\xor\AppData\Roaming\npm\node_modules\hexo\node_modules\async\lib\async.js:32:24)
